#
# There is insufficient memory for the Java Runtime Environment to continue.
# Native memory allocation (mmap) failed to map 125829120 bytes for G1 virtual space
# Possible reasons:
#   The system is out of physical RAM or swap space
#   The process is running with CompressedOops enabled, and the Java Heap may be blocking the growth of the native heap
# Possible solutions:
#   Reduce memory load on the system
#   Increase physical memory or swap space
#   Check if swap backing store is full
#   Decrease Java heap size (-Xmx/-Xms)
#   Decrease number of Java threads
#   Decrease Java thread stack sizes (-Xss)
#   Set larger code cache with -XX:ReservedCodeCacheSize=
#   JVM is running with Unscaled Compressed Oops mode in which the Java heap is
#     placed in the first 4GB address space. The Java Heap base address is the
#     maximum limit for the native heap growth. Please use -XX:HeapBaseMinAddress
#     to set the Java Heap base and to place the Java Heap above 4GB virtual address.
# This output file may be truncated or incomplete.
#
#  Out of Memory Error (os_windows.cpp:3528), pid=8124, tid=3040
#
# JRE version:  (20.0.2+9) (build )
# Java VM: Java HotSpot(TM) 64-Bit Server VM (20.0.2+9-78, mixed mode, sharing, tiered, compressed oops, compressed class ptrs, g1 gc, windows-amd64)
# No core dump will be written. Minidumps are not enabled by default on client versions of Windows
#

---------------  S U M M A R Y ------------

Command Line: -Dclassworlds.conf=C:\Users\HP\apache-maven-3.9.6\bin\m2.conf -Dmaven.home=C:\Users\HP\apache-maven-3.9.6 -Dlibrary.jansi.path=C:\Users\HP\apache-maven-3.9.6\lib\jansi-native -Dmaven.multiModuleProjectDirectory=c:\Users\HP\Downloads\edit_editor\edit_editor org.codehaus.plexus.classworlds.launcher.Launcher -q help:effective-pom -Doutput=c:\Users\HP\Downloads\edit_editor\edit_editor\effective-pom.xml -f c:/Users/HP/Downloads/edit_editor/edit_editor/pom.xml

Host: AMD Ryzen 5 4500U with Radeon Graphics         , 6 cores, 7G,  Windows 11 , 64 bit Build 22621 (10.0.22621.3672)
Time: Mon Aug 12 13:01:53 2024 India Standard Time elapsed time: 0.019752 seconds (0d 0h 0m 0s)

---------------  T H R E A D  ---------------

Current thread (0x00000255b5966c00):  JavaThread "Unknown thread" [_thread_in_vm, id=3040, stack(0x000000fb5a300000,0x000000fb5a400000)]

Stack: [0x000000fb5a300000,0x000000fb5a400000]
Native frames: (J=compiled Java code, j=interpreted, Vv=VM code, C=native code)
V  [jvm.dll+0x6bc25a]
V  [jvm.dll+0x84971a]
V  [jvm.dll+0x84b315]
V  [jvm.dll+0x84ba13]
V  [jvm.dll+0x280e4f]
V  [jvm.dll+0x6b8fe9]
V  [jvm.dll+0x6adbca]
V  [jvm.dll+0x35b165]
V  [jvm.dll+0x363386]
V  [jvm.dll+0x3b400e]
V  [jvm.dll+0x3b4295]
V  [jvm.dll+0x32b86a]
V  [jvm.dll+0x32c68b]
V  [jvm.dll+0x8123df]
V  [jvm.dll+0x3c1261]
V  [jvm.dll+0x7fe103]
V  [jvm.dll+0x44ccaf]
V  [jvm.dll+0x44e621]
C  [jli.dll+0x5287]
C  [ucrtbase.dll+0x29333]
C  [KERNEL32.DLL+0x1257d]
C  [ntdll.dll+0x5af28]


---------------  P R O C E S S  ---------------

Threads class SMR info:
_java_thread_list=0x00007fff75a2b118, length=0, elements={
}

Java Threads: ( => current thread )

Other Threads:
  0x00000255b59c0fa0 WorkerThread "GC Thread#0" [stack: 0x000000fb5a400000,0x000000fb5a500000] [id=14792]
  0x00000255b59d0b30 ConcurrentGCThread "G1 Main Marker" [stack: 0x000000fb5a500000,0x000000fb5a600000] [id=27616]
  0x00000255b59d1560 WorkerThread "G1 Conc#0" [stack: 0x000000fb5a600000,0x000000fb5a700000] [id=10112]

[error occurred during error reporting (printing all threads), id 0xc0000005, EXCEPTION_ACCESS_VIOLATION (0xc0000005) at pc=0x00007fff7520eea7]
VM state: not at safepoint (not fully initialized)

VM Mutex/Monitor currently owned by a thread:  ([mutex/lock_event])
[0x00000255b59612e0] Heap_lock - owner thread: 0x00000255b5966c00

Heap address: 0x0000000089c00000, size: 1892 MB, Compressed Oops mode: 32-bit

CDS archive(s) mapped at: [0x0000000000000000-0x0000000000000000-0x0000000000000000), size 0, SharedBaseAddress: 0x0000000800000000, ArchiveRelocationMode: 1.
Narrow klass base: 0x0000000000000000, Narrow klass shift: 0, Narrow klass range: 0x0

GC Precious Log:
 CardTable entry size: 512
 Card Set container configuration: InlinePtr #cards 5 size 8 Array Of Cards #cards 12 size 40 Howl #buckets 4 coarsen threshold 1843 Howl Bitmap #cards 512 size 80 coarsen threshold 460 Card regions per heap region 1 cards per card region 2048

Heap:
 garbage-first heap   total 0K, used 0K [0x0000000089c00000, 0x0000000100000000)
  region size 1024K, 0 young (0K), 0 survivors (0K)

[error occurred during error reporting (printing heap information), id 0xc0000005, EXCEPTION_ACCESS_VIOLATION (0xc0000005) at pc=0x00007fff755e47b9]
GC Heap History (0 events):
No events

Dll operation events (1 events):
Event: 0.011 Loaded shared library C:\Program Files\jdk-20.0.2\bin\java.dll

Deoptimization events (0 events):
No events

Classes loaded (0 events):
No events

Classes unloaded (0 events):
No events

Classes redefined (0 events):
No events

Internal exceptions (0 events):
No events

VM Operations (0 events):
No events

Events (0 events):
No events


Dynamic libraries:
0x00007ff73b000000 - 0x00007ff73b010000 	C:\Program Files\jdk-20.0.2\bin\java.exe
0x00007ff8067f0000 - 0x00007ff806a07000 	C:\WINDOWS\SYSTEM32\ntdll.dll
0x00007ff805bd0000 - 0x00007ff805c94000 	C:\WINDOWS\System32\KERNEL32.DLL
0x00007ff804100000 - 0x00007ff8044ad000 	C:\WINDOWS\System32\KERNELBASE.dll
0x00007ff803bf0000 - 0x00007ff803d01000 	C:\WINDOWS\System32\ucrtbase.dll
0x00007fffefd60000 - 0x00007fffefd79000 	C:\Program Files\jdk-20.0.2\bin\jli.dll
0x00007ff806040000 - 0x00007ff8060f2000 	C:\WINDOWS\System32\ADVAPI32.dll
0x00007ff805180000 - 0x00007ff805227000 	C:\WINDOWS\System32\msvcrt.dll
0x00007ff805df0000 - 0x00007ff805e99000 	C:\WINDOWS\System32\sechost.dll
0x00007fffe6990000 - 0x00007fffe69ab000 	C:\Program Files\jdk-20.0.2\bin\VCRUNTIME140.dll
0x00007ff803d10000 - 0x00007ff803d38000 	C:\WINDOWS\System32\bcrypt.dll
0x00007ff806670000 - 0x00007ff806784000 	C:\WINDOWS\System32\RPCRT4.dll
0x00007ff8064c0000 - 0x00007ff80666e000 	C:\WINDOWS\System32\USER32.dll
0x00007ff803bc0000 - 0x00007ff803be6000 	C:\WINDOWS\System32\win32u.dll
0x00007ff805ab0000 - 0x00007ff805ad9000 	C:\WINDOWS\System32\GDI32.dll
0x00007ff803d40000 - 0x00007ff803e59000 	C:\WINDOWS\System32\gdi32full.dll
0x00007ff803b20000 - 0x00007ff803bba000 	C:\WINDOWS\System32\msvcp_win.dll
0x00007fffe83c0000 - 0x00007fffe8653000 	C:\WINDOWS\WinSxS\amd64_microsoft.windows.common-controls_6595b64144ccf1df_6.0.22621.3672_none_2713b9d173822955\COMCTL32.dll
0x00007ffff9020000 - 0x00007ffff902a000 	C:\WINDOWS\SYSTEM32\VERSION.dll
0x00007ff804b10000 - 0x00007ff804b41000 	C:\WINDOWS\System32\IMM32.DLL
0x00007ffff72a0000 - 0x00007ffff72ac000 	C:\Program Files\jdk-20.0.2\bin\vcruntime140_1.dll
0x00007fffce000000 - 0x00007fffce08e000 	C:\Program Files\jdk-20.0.2\bin\msvcp140.dll
0x00007fff74ed0000 - 0x00007fff75b68000 	C:\Program Files\jdk-20.0.2\bin\server\jvm.dll
0x00007ffff7bb0000 - 0x00007ffff7bb9000 	C:\WINDOWS\SYSTEM32\WSOCK32.dll
0x00007ff806170000 - 0x00007ff8061e1000 	C:\WINDOWS\System32\WS2_32.dll
0x00007ffffee60000 - 0x00007ffffee94000 	C:\WINDOWS\SYSTEM32\WINMM.dll
0x00007ff802b30000 - 0x00007ff802b48000 	C:\WINDOWS\SYSTEM32\kernel.appcore.dll
0x00007ffff00f0000 - 0x00007ffff00fa000 	C:\Program Files\jdk-20.0.2\bin\jimage.dll
0x00007ff801520000 - 0x00007ff801752000 	C:\WINDOWS\SYSTEM32\DBGHELP.DLL
0x00007ff804700000 - 0x00007ff804a88000 	C:\WINDOWS\System32\combase.dll
0x00007ff805af0000 - 0x00007ff805bc7000 	C:\WINDOWS\System32\OLEAUT32.dll
0x00007ffff9030000 - 0x00007ffff9062000 	C:\WINDOWS\SYSTEM32\dbgcore.DLL
0x00007ff8044b0000 - 0x00007ff80452b000 	C:\WINDOWS\System32\bcryptPrimitives.dll
0x00007fffe5740000 - 0x00007fffe5766000 	C:\Program Files\jdk-20.0.2\bin\java.dll

dbghelp: loaded successfully - version: 4.0.5 - missing functions: none
symbol engine: initialized successfully - sym options: 0x614 - pdb path: .;C:\Program Files\jdk-20.0.2\bin;C:\WINDOWS\SYSTEM32;C:\WINDOWS\WinSxS\amd64_microsoft.windows.common-controls_6595b64144ccf1df_6.0.22621.3672_none_2713b9d173822955;C:\Program Files\jdk-20.0.2\bin\server

VM Arguments:
jvm_args: -Dclassworlds.conf=C:\Users\HP\apache-maven-3.9.6\bin\m2.conf -Dmaven.home=C:\Users\HP\apache-maven-3.9.6 -Dlibrary.jansi.path=C:\Users\HP\apache-maven-3.9.6\lib\jansi-native -Dmaven.multiModuleProjectDirectory=c:\Users\HP\Downloads\edit_editor\edit_editor 
java_command: org.codehaus.plexus.classworlds.launcher.Launcher -q help:effective-pom -Doutput=c:\Users\HP\Downloads\edit_editor\edit_editor\effective-pom.xml -f c:/Users/HP/Downloads/edit_editor/edit_editor/pom.xml
java_class_path (initial): C:\Users\HP\apache-maven-3.9.6\boot\plexus-classworlds-2.7.0.jar
Launcher Type: SUN_STANDARD

[Global flags]
     intx CICompilerCount                          = 3                                         {product} {ergonomic}
     uint ConcGCThreads                            = 2                                         {product} {ergonomic}
     uint G1ConcRefinementThreads                  = 6                                         {product} {ergonomic}
   size_t G1HeapRegionSize                         = 1048576                                   {product} {ergonomic}
    uintx GCDrainStackTargetSize                   = 64                                        {product} {ergonomic}
   size_t InitialHeapSize                          = 125829120                                 {product} {ergonomic}
   size_t MarkStackSize                            = 4194304                                   {product} {ergonomic}
   size_t MaxHeapSize                              = 1983905792                                {product} {ergonomic}
   size_t MinHeapDeltaBytes                        = 1048576                                   {product} {ergonomic}
   size_t MinHeapSize                              = 8388608                                   {product} {ergonomic}
    uintx NonNMethodCodeHeapSize                   = 5832780                                {pd product} {ergonomic}
    uintx NonProfiledCodeHeapSize                  = 122912730                              {pd product} {ergonomic}
    uintx ProfiledCodeHeapSize                     = 122912730                              {pd product} {ergonomic}
    uintx ReservedCodeCacheSize                    = 251658240                              {pd product} {ergonomic}
     bool SegmentedCodeCache                       = true                                      {product} {ergonomic}
   size_t SoftMaxHeapSize                          = 1983905792                             {manageable} {ergonomic}
     bool UseCompressedClassPointers               = true                           {product lp64_product} {ergonomic}
     bool UseCompressedOops                        = true                           {product lp64_product} {ergonomic}
     bool UseG1GC                                  = true                                      {product} {ergonomic}
     bool UseLargePagesIndividualAllocation        = false                                  {pd product} {ergonomic}

Logging:
Log output configuration:
 #0: stdout all=warning uptime,level,tags foldmultilines=false
 #1: stderr all=off uptime,level,tags foldmultilines=false

Environment Variables:
JAVA_HOME=C:\Program Files\jdk-20.0.2
PATH=C:\Program Files\Common Files\Oracle\Java\javapath;C:\Program Files (x86)\Common Files\Oracle\Java\javapath;C:\WINDOWS\system32;C:\WINDOWS;C:\WINDOWS\System32\Wbem;C:\WINDOWS\System32\WindowsPowerShell\v1.0\;C:\WINDOWS\System32\OpenSSH\;C:\Program Files\Git\cmd;C:\MinGW\bin;C:\Program Files\wkhtmltopdf\bin;C:\Program Files (x86)\Java\jre-1.8\bin;C:\Program Files\jdk-20.0.2\bin;C:\Program Files\MongoDB\Server\7.0\bin;C:\Program Files\Amazon\AWSCLIV2\;C:\Program Files\Docker\Docker\resources\bin;C:\Users\HP\OpenSSH-Win64;C:\ProgramData\chocolatey\bin;C:\Program Files\nodejs\;C:\Program Files (x86)\Yarn\bin\;C:\Users\HP\AppData\Local\Programs\Python\Python38\Scripts\;C:\Users\HP\AppData\Local\Programs\Python\Python38\;C:\Users\HP\AppData\Local\Microsoft\WindowsApps;C:\Program Files\JetBrains\PyCharm Community Edition 2023.1.3\bin;;C:\Program Files\MongoDB\Server\7.0\bin;C:\Program Files\heroku\bin;C:\Users\HP\apache-maven-3.9.6\bin;C:\Program Files\JetBrains\DataGrip 2023.3.4\bin;;C:\Program Files\MySQL\MySQL Server 8.3\bin;C:\Users\HP\AppData\Local\Programs\oh-my-posh\bin;C:\Users\HP\AppData\Local\Programs\Microsoft VS Code\bin;C:\Users\HP\AppData\Roaming\npm;C:\Users\HP\AppData\Local\Yarn\bin
USERNAME=HP
OS=Windows_NT
PROCESSOR_IDENTIFIER=AMD64 Family 23 Model 96 Stepping 1, AuthenticAMD
TMP=C:\Users\HP\AppData\Local\Temp
TEMP=C:\Users\HP\AppData\Local\Temp




---------------  S Y S T E M  ---------------

OS:
 Windows 11 , 64 bit Build 22621 (10.0.22621.3672)
OS uptime: 26 days 0:00 hours
Hyper-V role detected

CPU: total 6 (initial active 6) (6 cores per cpu, 1 threads per core) family 23 model 96 stepping 1 microcode 0x0, cx8, cmov, fxsr, mmx, 3dnowpref, sse, sse2, sse3, ssse3, sse4a, sse4.1, sse4.2, popcnt, lzcnt, tsc, tscinvbit, avx, avx2, aes, clmul, bmi1, bmi2, adx, sha, fma, vzeroupper, clflush, clflushopt, hv, rdtscp, rdpid, f16c

Memory: 4k page, system-wide physical 7564M (295M free)
TotalPageFile size 23285M (AvailPageFile size 159M)
current process WorkingSet (physical memory assigned to process): 11M, peak: 11M
current process commit charge ("private bytes"): 56M, peak: 176M

vm_info: Java HotSpot(TM) 64-Bit Server VM (20.0.2+9-78) for windows-amd64 JRE (20.0.2+9-78), built on 2023-06-14T10:08:48Z by "mach5one" with MS VC++ 17.1 (VS2022)

END.
